[2026-02-23 13:09:08,866] [INFO] HRMS : SYSTEM STARTING
[2026-02-23 13:13:42,060] [INFO] HRMS : SYSTEM STARTING
[2026-02-23 13:26:35,329] [INFO] HRMS : SYSTEM STARTING
[2026-02-23 13:31:27,035] [INFO] HRMS : SYSTEM STARTING
[2026-02-23 13:31:27,524] [INFO] HRMS : RAG READY in 0.488s
[2026-02-23 16:01:58,800] [INFO] HRMS : SYSTEM STARTING
[2026-02-23 16:01:58,845] [INFO] HRMS : RAG READY in 0.036s
[2026-02-23 16:09:34,553] [INFO] HRMS : [REQ-190640b5] START
[2026-02-23 16:09:34,576] [INFO] HRMS : [REQ-190640b5] RAG found 3 docs
[2026-02-23 16:09:35,580] [INFO] HRMS : [REQ-190640b5] DONE 1.026s
[2026-02-23 16:14:53,402] [INFO] HRMS : [REQ-f1979654] START
[2026-02-23 16:14:53,421] [INFO] HRMS : [REQ-f1979654] RAG found 3 docs
[2026-02-23 16:14:54,491] [INFO] HRMS : [REQ-f1979654] DONE 1.088s
[2026-02-23 16:25:47,308] [INFO] HRMS : SYSTEM STARTING
[2026-02-23 16:25:47,357] [INFO] HRMS : RAG READY in 0.035s
[2026-02-23 16:27:46,620] [INFO] HRMS : [REQ-69b69861] START
[2026-02-23 16:27:46,631] [INFO] HRMS : [REQ-69b69861] RAG found 3 docs
[2026-02-23 16:27:47,705] [INFO] HRMS : [REQ-69b69861] DONE 1.085s
[2026-02-23 16:30:57,367] [INFO] HRMS : [REQ-53309f39] START
[2026-02-23 16:30:57,387] [INFO] HRMS : [REQ-53309f39] RAG found 3 docs
[2026-02-23 16:30:58,891] [INFO] HRMS : [REQ-53309f39] DONE 1.524s
[2026-02-23 16:41:08,264] [INFO] HRMS : SYSTEM STARTING
[2026-02-23 16:41:08,522] [INFO] HRMS : RAG READY in 0.256s
[2026-02-23 16:46:17,240] [INFO] HRMS : [REQ-7ed9992b] START
[2026-02-23 16:46:17,260] [INFO] HRMS : [REQ-7ed9992b] RAG found 3 docs
[2026-02-23 16:46:21,291] [INFO] HRMS : [REQ-7ed9992b] DONE 4.05s
[2026-02-23 17:19:16,701] [INFO] HRMS : SYSTEM STARTING
[2026-02-23 17:19:17,099] [INFO] HRMS : RAG READY in 0.397s
[2026-02-23 17:19:49,123] [INFO] HRMS : [REQ-ac33de79] START
[2026-02-23 17:19:49,139] [INFO] HRMS : [REQ-ac33de79] RAG found 3 docs
[2026-02-23 17:19:52,644] [INFO] HRMS : [REQ-ac33de79] DONE 3.52s
[2026-02-24 09:35:38,683] [INFO] HRMS : SYSTEM STARTING
[2026-02-24 09:35:39,327] [INFO] HRMS : RAG READY in 0.644s
[2026-02-24 12:48:42,533] [INFO] HRMS : SYSTEM STARTING
[2026-02-24 12:48:42,784] [INFO] HRMS : RAG READY in 0.251s
[2026-02-24 12:51:40,172] [INFO] HRMS : SYSTEM STARTING
[2026-02-24 12:51:40,365] [INFO] HRMS : RAG READY in 0.193s
[2026-02-24 12:53:46,133] [INFO] HRMS : [REQ-3f146b50] START
[2026-02-24 12:53:46,158] [INFO] HRMS : [REQ-3f146b50] RAG found 3 docs
[2026-02-24 12:53:47,905] [INFO] HRMS : [REQ-3f146b50] DONE 1.78s
[2026-02-24 13:27:49,833] [INFO] HRMS : [REQ-d6960f76] START
[2026-02-24 13:27:49,872] [INFO] HRMS : [REQ-d6960f76] RAG found 3 docs
[2026-02-24 13:27:54,192] [INFO] HRMS : [REQ-d6960f76] DONE 4.357s
[2026-02-24 15:50:16,838] [INFO] HRMS : SYSTEM STARTING
[2026-02-24 15:50:17,062] [INFO] HRMS : RAG READY in 0.223s
[2026-02-24 15:50:36,325] [INFO] HRMS : [REQ-9ba56f13] START
[2026-02-24 15:50:36,348] [INFO] HRMS : [REQ-9ba56f13] RAG found 3 docs
[2026-02-24 15:50:40,445] [INFO] HRMS : [REQ-9ba56f13] DONE 4.121s
[2026-02-24 16:30:15,676] [INFO] HRMS : SYSTEM STARTING
[2026-02-24 16:30:15,926] [INFO] HRMS : RAG READY in 0.249s
[2026-02-24 16:30:51,522] [INFO] HRMS : [REQ-794af332] START
[2026-02-24 16:30:51,540] [INFO] HRMS : [REQ-794af332] RAG found 3 docs
[2026-02-24 16:30:55,709] [INFO] HRMS : [REQ-794af332] DONE 4.186s
